Configuring groovy for Autochanger standalone
Building Main class: class org.lsst.ccs.subsystems.fcs.AutochangerMain
**** Loading the library 
**** Done Loading the library 

Category : filter
dummyFilter filterID 46 unitless (final)
dummyFilter weight 44.5 kilos (final)
filterG filterID 3 unitless (final)
filterG weight 33.0 kilos (final)
filterI filterID 34 unitless (final)
filterI weight 28.0 kilos (final)
filterR filterID 60 unitless (final)
filterR weight 30.0 kilos (final)
filterU filterID 29 unitless (final)
filterU weight 38.0 kilos (final)
filterY filterID 15 unitless (final)
filterY weight 22.5 kilos (final)
filterZ filterID 17 unitless (final)
filterZ weight 28.0 kilos (final)

Category : Services
agentStatusAggregatorService patternConfigList []  (final)
persistencyService persistencyDir   (final)
schedulers/default nTasks 5  (read-only)
schedulers/default nThreads 8  (final)
schedulers/monitor-update-publish-scheduler nTasks 2  (read-only)
schedulers/monitor-update-publish-scheduler nThreads 2  (final)

Category : serialNB
acSensorsGateway serialNB 446b unitless
brakeSystemGateway serialNB 4472 unitless
latchXminusController serialNB 84010184 unitless
latchXplusController serialNB 84010169 unitless
linearRailMasterController serialNB 80011240 unitless
linearRailSlaveController serialNB 80011011 unitless
onlineClampXminusController serialNB 79022208 unitless
onlineClampXplusController serialNB 79029101 unitless
onlineClampYminusController serialNB 79026482 unitless
onlineStrainGauge serialNB 0 unitless
proximitySensorsDevice serialNB c7c60364 unitless
tempSensorsDevice1 serialNB 19VE0077 unitless
tempSensorsDevice2 serialNB 19VE0076 unitless

Category : controller
latchXminusController paramsForCurrent [ContinuousCurrentLimit:400,MaxSpeedInCurrentMode:3000,MotorType:1,OutputCurrentLimit:400,PolePairNumber:2,PositionSensorType:0,ThermalTimeConstantWinding:40] 
latchXminusController paramsForHoming [HomeOffset:0] 
latchXminusController paramsForProfilePosition [MotionProfileType:0] 
latchXplusController paramsForCurrent [ContinuousCurrentLimit:400,MaxSpeedInCurrentMode:100,MotorType:1,OutputCurrentLimit:400,PolePairNumber:2,PositionSensorType:0,ThermalTimeConstantWinding:40] 
latchXplusController paramsForHoming [HomeOffset:0] 
latchXplusController paramsForProfilePosition [MotionProfileType:0] 
linearRailMasterController encoderRibbonMinValue 107280 
linearRailMasterController paramsForCurrent [ContinuousCurrentLimit:7000,MaxSpeedInCurrentMode:9140,MotorType:10,OutputCurrentLimit:7000,PolePairNumber:1,PositionSensorType:260,ThermalTimeConstantWinding:187] 
linearRailMasterController paramsForHoming [HomeOffset:0] 
linearRailMasterController paramsForProfilePosition [MaxFollowingError:7000,MaxProfileVelocity:322,MotionProfileType:0,ProfileAcceleration:310,ProfileDeceleration:150,ProfileVelocity:310,QuickStopDeceleration:10000] 
linearRailSlaveController encoderRibbonMinValue 3556549 
linearRailSlaveController paramsForCurrent [ContinuousCurrentLimit:7000,MaxSpeedInCurrentMode:9140,MotorType:10,OutputCurrentLimit:7000,PolePairNumber:1,PositionSensorType:260,ThermalTimeConstantWinding:187] 
linearRailSlaveController paramsForHoming [HomeOffset:0] 
linearRailSlaveController paramsForProfilePosition [MaxFollowingError:5000,MotionProfileType:0,ProfileAcceleration:310,ProfileDeceleration:150,ProfileVelocity:280,QuickStopDeceleration:10000] 
onlineClampXminusController paramsForCurrent [ContinuousCurrentLimit:3200,MaxSpeedInCurrentMode:25000,MotorType:1,OutputCurrentLimit:6400,PolePairNumber:1,PositionSensorType:0,ThermalTimeConstantWinding:40] 
onlineClampXminusController paramsForHoming [CurrentThresholdHomingMode:500,HomeOffset:0,HomePosition:0,HomingAcceleration:1000,MaxProfileVelocity:6930,SpeedForSwitchSearch:100,SpeedForZeroSearch:10] 
onlineClampXminusController paramsForProfilePosition [MaxFollowingError:2000,MaxProfileVelocity:6930,MotionProfileType:0,ProfileAcceleration:1000,ProfileDeceleration:1000,ProfileVelocity:1000,QuickStopDeceleration:10000] 
onlineClampXplusController paramsForCurrent [ContinuousCurrentLimit:3200,MaxSpeedInCurrentMode:6930,MotorType:1,OutputCurrentLimit:6400,PolePairNumber:1,PositionSensorType:0,ThermalTimeConstantWinding:419] 
onlineClampXplusController paramsForHoming [CurrentThresholdHomingMode:500,HomeOffset:0,HomePosition:0,HomingAcceleration:1000,MaxProfileVelocity:6930,SpeedForSwitchSearch:100,SpeedForZeroSearch:10] 
onlineClampXplusController paramsForProfilePosition [MaxFollowingError:2000,MaxProfileVelocity:6930,MotionProfileType:0,ProfileAcceleration:1000,ProfileDeceleration:1000,ProfileVelocity:1000,QuickStopDeceleration:6000] 
onlineClampYminusController paramsForCurrent [ContinuousCurrentLimit:5000,MaxSpeedInCurrentMode:25000,MotorType:1,OutputCurrentLimit:5000,PolePairNumber:1,PositionSensorType:0,ThermalTimeConstantWinding:40] 
onlineClampYminusController paramsForHoming [CurrentThresholdHomingMode:500,HomeOffset:0,HomePosition:0,HomingAcceleration:1000,MaxProfileVelocity:6930,SpeedForSwitchSearch:100,SpeedForZeroSearch:10] 
onlineClampYminusController paramsForProfilePosition [MaxFollowingError:2000,MaxProfileVelocity:6930,MotionProfileType:0,ProfileAcceleration:1000,ProfileDeceleration:1000,ProfileVelocity:1000,QuickStopDeceleration:10000] 

Category : timers
agentMonitorService taskPeriodMillis 60000 
heartbeat taskPeriodMillis 1000 
main-updateGui taskPeriodMillis 1000 
monitor-check taskPeriodMillis 10000 
monitor-publish taskPeriodMillis 10000 
monitor-update taskPeriodMillis 1000 
runtimeInfo taskPeriodMillis 60000 

Category : Limits
tempCellXminus dbandHi 0.0 
tempCellXminus dbandLo 0.0 
tempCellXminus limitHi 100.0 
tempCellXminus limitLo -20.0 
tempClampMotorXminus dbandHi 0.0 
tempClampMotorXminus dbandLo 0.0 
tempClampMotorXminus limitHi 100.0 
tempClampMotorXminus limitLo -20.0 
tempClampMotorXplus dbandHi 0.0 
tempClampMotorXplus dbandLo 0.0 
tempClampMotorXplus limitHi 100.0 
tempClampMotorXplus limitLo -20.0 
tempClampMotorYminus dbandHi 0.0 
tempClampMotorYminus dbandLo 0.0 
tempClampMotorYminus limitHi 100.0 
tempClampMotorYminus limitLo -20.0 
tempFrontBox dbandHi 0.0 
tempFrontBox dbandLo 0.0 
tempFrontBox limitHi 100.0 
tempFrontBox limitLo -20.0 
tempLinearRailMotorXminus dbandHi 0.0 
tempLinearRailMotorXminus dbandLo 0.0 
tempLinearRailMotorXminus limitHi 100.0 
tempLinearRailMotorXminus limitLo -20.0 
tempLinearRailMotorXplus dbandHi 0.0 
tempLinearRailMotorXplus dbandLo 0.0 
tempLinearRailMotorXplus limitHi 100.0 
tempLinearRailMotorXplus limitLo -20.0 
tempRearBox dbandHi 0.0 
tempRearBox dbandLo 0.0 
tempRearBox limitHi 100.0 
tempRearBox limitLo -20.0 

Category : canbus
tcpProxy baud 1m unitless
tcpProxy busName 0 unitless
tcpProxy hardwareBootTimeout 5000 milliseconds
tcpProxy masterNodeID 8 unitless

Category : sensor
OUT_AF0 byteNumero 10 unitless
OUT_AF0 dioName acSensorsGateway unitless (final)
OUT_AF0 inputNumero 4 unitless
OUT_AF0_C byteNumero 10 unitless
OUT_AF0_C dioName acSensorsGateway unitless (final)
OUT_AF0_C inputNumero 5 unitless
OUT_AF1 byteNumero 10 unitless
OUT_AF1 dioName acSensorsGateway unitless (final)
OUT_AF1 inputNumero 6 unitless
OUT_AF1_C byteNumero 10 unitless
OUT_AF1_C dioName acSensorsGateway unitless (final)
OUT_AF1_C inputNumero 7 unitless
OUT_AF3 byteNumero 11 unitless
OUT_AF3 dioName acSensorsGateway unitless (final)
OUT_AF3 inputNumero 0 unitless
OUT_AF3_C byteNumero 11 unitless
OUT_AF3_C dioName acSensorsGateway unitless (final)
OUT_AF3_C inputNumero 1 unitless
OUT_AP1 byteNumero 11 unitless
OUT_AP1 dioName acSensorsGateway unitless (final)
OUT_AP1 inputNumero 6 unitless
OUT_AP1_C byteNumero 11 unitless
OUT_AP1_C dioName acSensorsGateway unitless (final)
OUT_AP1_C inputNumero 7 unitless
OUT_AP2 byteNumero 11 unitless
OUT_AP2 dioName acSensorsGateway unitless (final)
OUT_AP2 inputNumero 2 unitless
OUT_AP2_C byteNumero 11 unitless
OUT_AP2_C dioName acSensorsGateway unitless (final)
OUT_AP2_C inputNumero 3 unitless
OUT_AP3 byteNumero 11 unitless
OUT_AP3 dioName acSensorsGateway unitless (final)
OUT_AP3 inputNumero 4 unitless
OUT_AP3_C byteNumero 11 unitless
OUT_AP3_C dioName acSensorsGateway unitless (final)
OUT_AP3_C inputNumero 5 unitless
carouselHoldingFilterSensor0 byteNumero 3 unitless
carouselHoldingFilterSensor0 dioName acSensorsGateway unitless (final)
carouselHoldingFilterSensor0 inputNumero 6 unitless
carouselHoldingFilterSensor1 byteNumero 3 unitless
carouselHoldingFilterSensor1 dioName acSensorsGateway unitless (final)
carouselHoldingFilterSensor1 inputNumero 7 unitless
carouselStoppedAtStandby byteNumero 3 unitless
carouselStoppedAtStandby dioName acSensorsGateway unitless (final)
carouselStoppedAtStandby inputNumero 0 unitless
carouselStoppedAtStandbyC byteNumero 3 unitless
carouselStoppedAtStandbyC dioName acSensorsGateway unitless (final)
carouselStoppedAtStandbyC inputNumero 1 unitless
carousel_CF0 byteNumero 3 unitless
carousel_CF0 dioName acSensorsGateway unitless (final)
carousel_CF0 inputNumero 2 unitless
carousel_CF0_C byteNumero 3 unitless
carousel_CF0_C dioName acSensorsGateway unitless (final)
carousel_CF0_C inputNumero 3 unitless
carousel_CF1 byteNumero 3 unitless
carousel_CF1 dioName acSensorsGateway unitless (final)
carousel_CF1 inputNumero 4 unitless
carousel_CF1_C byteNumero 3 unitless
carousel_CF1_C dioName acSensorsGateway unitless (final)
carousel_CF1_C inputNumero 5 unitless
closeSensorBLatchXminus byteNumero 0 unitless
closeSensorBLatchXminus dioName acSensorsGateway unitless (final)
closeSensorBLatchXminus inputNumero 1 unitless
closeSensorBLatchXplus byteNumero 8 unitless
closeSensorBLatchXplus dioName acSensorsGateway unitless (final)
closeSensorBLatchXplus inputNumero 1 unitless
closeSensorLatchXminus byteNumero 0 unitless
closeSensorLatchXminus dioName acSensorsGateway unitless (final)
closeSensorLatchXminus inputNumero 0 unitless
closeSensorLatchXplus byteNumero 8 unitless
closeSensorLatchXplus dioName acSensorsGateway unitless (final)
closeSensorLatchXplus inputNumero 0 unitless
filterEngagedSensorBLatchXminus byteNumero 0 unitless
filterEngagedSensorBLatchXminus dioName acSensorsGateway unitless (final)
filterEngagedSensorBLatchXminus inputNumero 5 unitless
filterEngagedSensorBLatchXplus byteNumero 8 unitless
filterEngagedSensorBLatchXplus dioName acSensorsGateway unitless (final)
filterEngagedSensorBLatchXplus inputNumero 5 unitless
filterEngagedSensorLatchXminus byteNumero 0 unitless
filterEngagedSensorLatchXminus dioName acSensorsGateway unitless (final)
filterEngagedSensorLatchXminus inputNumero 4 unitless
filterEngagedSensorLatchXplus byteNumero 8 unitless
filterEngagedSensorLatchXplus dioName acSensorsGateway unitless (final)
filterEngagedSensorLatchXplus inputNumero 4 unitless
filterIDSensor0 byteNumero 4 unitless
filterIDSensor0 dioName acSensorsGateway unitless (final)
filterIDSensor0 inputNumero 0 unitless
filterIDSensor1 byteNumero 4 unitless
filterIDSensor1 dioName acSensorsGateway unitless (final)
filterIDSensor1 inputNumero 1 unitless
filterIDSensor2 byteNumero 4 unitless
filterIDSensor2 dioName acSensorsGateway unitless (final)
filterIDSensor2 inputNumero 2 unitless
filterIDSensor3 byteNumero 4 unitless
filterIDSensor3 dioName acSensorsGateway unitless (final)
filterIDSensor3 inputNumero 3 unitless
filterIDSensor4 byteNumero 4 unitless
filterIDSensor4 dioName acSensorsGateway unitless (final)
filterIDSensor4 inputNumero 4 unitless
filterIDSensor5 byteNumero 4 unitless
filterIDSensor5 dioName acSensorsGateway unitless (final)
filterIDSensor5 inputNumero 5 unitless
handoffPositionSensorBXminus byteNumero 1 unitless
handoffPositionSensorBXminus dioName acSensorsGateway unitless (final)
handoffPositionSensorBXminus inputNumero 1 unitless
handoffPositionSensorBXplus byteNumero 9 unitless
handoffPositionSensorBXplus dioName acSensorsGateway unitless (final)
handoffPositionSensorBXplus inputNumero 1 unitless
handoffPositionSensorXminus byteNumero 1 unitless
handoffPositionSensorXminus dioName acSensorsGateway unitless (final)
handoffPositionSensorXminus inputNumero 0 unitless
handoffPositionSensorXplus byteNumero 9 unitless
handoffPositionSensorXplus dioName acSensorsGateway unitless (final)
handoffPositionSensorXplus inputNumero 0 unitless
inclinometerXminus byteNumero 6 unitless
inclinometerXminus deviceName acSensorsGateway unitless
inclinometerXplus byteNumero 12 unitless
inclinometerXplus deviceName acSensorsGateway unitless
loaderConnectedSensor byteNumero 2 unitless
loaderConnectedSensor dioName acSensorsGateway unitless (final)
loaderConnectedSensor inputNumero 4 unitless
loaderConnectedSensorC byteNumero 2 unitless
loaderConnectedSensorC dioName acSensorsGateway unitless (final)
loaderConnectedSensorC inputNumero 5 unitless
loaderHoldingFilterSensor0 byteNumero 2 unitless
loaderHoldingFilterSensor0 dioName acSensorsGateway unitless (final)
loaderHoldingFilterSensor0 inputNumero 6 unitless
loaderHoldingFilterSensor1 byteNumero 2 unitless
loaderHoldingFilterSensor1 dioName acSensorsGateway unitless (final)
loaderHoldingFilterSensor1 inputNumero 7 unitless
lockOut byteNumero 14 unitless
lockOut dioName acSensorsGateway unitless (final)
lockOut inputNumero 2 unitless
lockOut_C byteNumero 14 unitless
lockOut_C dioName acSensorsGateway unitless (final)
lockOut_C inputNumero 3 unitless
lpmLatchesStatus byteNumero 5 unitless
lpmLatchesStatus dioName acSensorsGateway unitless (final)
lpmLatchesStatus inputNumero 1 unitless
lpmLinearRail1Status byteNumero 4 unitless
lpmLinearRail1Status dioName acSensorsGateway unitless (final)
lpmLinearRail1Status inputNumero 6 unitless
lpmLinearRail2Status byteNumero 4 unitless
lpmLinearRail2Status dioName acSensorsGateway unitless (final)
lpmLinearRail2Status inputNumero 7 unitless
lpmOnlineClampsStatus byteNumero 5 unitless
lpmOnlineClampsStatus dioName acSensorsGateway unitless (final)
lpmOnlineClampsStatus inputNumero 0 unitless
onlineClampXminusCloseSensor byteNumero 1 unitless
onlineClampXminusCloseSensor dioName acSensorsGateway unitless (final)
onlineClampXminusCloseSensor inputNumero 6 unitless
onlineClampXminusCloseSensorC byteNumero 1 unitless
onlineClampXminusCloseSensorC dioName acSensorsGateway unitless (final)
onlineClampXminusCloseSensorC inputNumero 7 unitless
onlineClampXminusOpenSensor byteNumero 1 unitless
onlineClampXminusOpenSensor dioName acSensorsGateway unitless (final)
onlineClampXminusOpenSensor inputNumero 4 unitless
onlineClampXminusOpenSensorC byteNumero 1 unitless
onlineClampXminusOpenSensorC dioName acSensorsGateway unitless (final)
onlineClampXminusOpenSensorC inputNumero 5 unitless
onlineClampXplusCloseSensor byteNumero 9 unitless
onlineClampXplusCloseSensor dioName acSensorsGateway unitless (final)
onlineClampXplusCloseSensor inputNumero 6 unitless
onlineClampXplusCloseSensorC byteNumero 9 unitless
onlineClampXplusCloseSensorC dioName acSensorsGateway unitless (final)
onlineClampXplusCloseSensorC inputNumero 7 unitless
onlineClampXplusOpenSensor byteNumero 9 unitless
onlineClampXplusOpenSensor dioName acSensorsGateway unitless (final)
onlineClampXplusOpenSensor inputNumero 4 unitless
onlineClampXplusOpenSensorC byteNumero 9 unitless
onlineClampXplusOpenSensorC dioName acSensorsGateway unitless (final)
onlineClampXplusOpenSensorC inputNumero 5 unitless
onlineClampYminusCloseSensor byteNumero 2 unitless
onlineClampYminusCloseSensor dioName acSensorsGateway unitless (final)
onlineClampYminusCloseSensor inputNumero 2 unitless
onlineClampYminusCloseSensorC byteNumero 2 unitless
onlineClampYminusCloseSensorC dioName acSensorsGateway unitless (final)
onlineClampYminusCloseSensorC inputNumero 3 unitless
onlineClampYminusOpenSensor byteNumero 2 unitless
onlineClampYminusOpenSensor dioName acSensorsGateway unitless (final)
onlineClampYminusOpenSensor inputNumero 0 unitless
onlineClampYminusOpenSensorC byteNumero 2 unitless
onlineClampYminusOpenSensorC dioName acSensorsGateway unitless (final)
onlineClampYminusOpenSensorC inputNumero 1 unitless
onlinePositionSensorBXminus byteNumero 1 unitless
onlinePositionSensorBXminus dioName acSensorsGateway unitless (final)
onlinePositionSensorBXminus inputNumero 3 unitless
onlinePositionSensorBXplus byteNumero 9 unitless
onlinePositionSensorBXplus dioName acSensorsGateway unitless (final)
onlinePositionSensorBXplus inputNumero 3 unitless
onlinePositionSensorXminus byteNumero 1 unitless
onlinePositionSensorXminus dioName acSensorsGateway unitless (final)
onlinePositionSensorXminus inputNumero 2 unitless
onlinePositionSensorXplus byteNumero 9 unitless
onlinePositionSensorXplus dioName acSensorsGateway unitless (final)
onlinePositionSensorXplus inputNumero 2 unitless
openSensorBLatchXminus byteNumero 0 unitless
openSensorBLatchXminus dioName acSensorsGateway unitless (final)
openSensorBLatchXminus inputNumero 3 unitless
openSensorBLatchXplus byteNumero 8 unitless
openSensorBLatchXplus dioName acSensorsGateway unitless (final)
openSensorBLatchXplus inputNumero 3 unitless
openSensorLatchXminus byteNumero 0 unitless
openSensorLatchXminus dioName acSensorsGateway unitless (final)
openSensorLatchXminus inputNumero 2 unitless
openSensorLatchXplus byteNumero 8 unitless
openSensorLatchXplus dioName acSensorsGateway unitless (final)
openSensorLatchXplus inputNumero 2 unitless
presenceLoader byteNumero 14 unitless
presenceLoader dioName acSensorsGateway unitless (final)
presenceLoader inputNumero 0 unitless
presenceLoader_C byteNumero 14 unitless
presenceLoader_C dioName acSensorsGateway unitless (final)
presenceLoader_C inputNumero 1 unitless
standbyPositionSensorBXminus byteNumero 0 unitless
standbyPositionSensorBXminus dioName acSensorsGateway unitless (final)
standbyPositionSensorBXminus inputNumero 7 unitless
standbyPositionSensorBXplus byteNumero 8 unitless
standbyPositionSensorBXplus dioName acSensorsGateway unitless (final)
standbyPositionSensorBXplus inputNumero 7 unitless
standbyPositionSensorXminus byteNumero 0 unitless
standbyPositionSensorXminus dioName acSensorsGateway unitless (final)
standbyPositionSensorXminus inputNumero 6 unitless
standbyPositionSensorXplus byteNumero 8 unitless
standbyPositionSensorXplus dioName acSensorsGateway unitless (final)
standbyPositionSensorXplus inputNumero 6 unitless

Category : autochanger
autochanger timeToUpdateProtectionSystem 2000 milliseconds
autochanger waitTimeForBrakeLR 20 milliseconds
autochanger waitTimeForBrakeOC 20 milliseconds
autochangerTrucks adjustmentFactor 1200.0 microns/V
autochangerTrucks approachOnlinePosition 9000 microns
autochangerTrucks approachStandbyPosition 984000 microns
autochangerTrucks deltaPositionMax 10 microns
autochangerTrucks handoffPosition 76600 microns
autochangerTrucks highAcceleration 50 
autochangerTrucks highDeceleration 50 
autochangerTrucks highSpeed 260 
autochangerTrucks lowAcceleration 50 
autochangerTrucks lowDeceleration 50 
autochangerTrucks lowSpeed 50 
autochangerTrucks maxActualPositionValue 1005500 microns
autochangerTrucks minActualPositionValue 0 microns
autochangerTrucks minTargetPosition 2500 microns
autochangerTrucks naturalPosition 3215 microns
autochangerTrucks onlinePosition 3600 microns
autochangerTrucks positionRangeAtHandoff 100 microns
autochangerTrucks positionRangeAtOnline 50 microns
autochangerTrucks positionRangeAtStandby 100 microns
autochangerTrucks positionRangeInTravel 150 microns
autochangerTrucks prelimaryTargetPosition 3367 microns
autochangerTrucks proximitySensorInput 1 unitless
autochangerTrucks standbyPosition 1005500 microns
autochangerTrucks standbyPositionEmpty 997500 microns
autochangerTrucks timeoutForAlignSlave 5000 milliseconds
autochangerTrucks timeoutForTrucksMotion 50000 milliseconds
autochangerTrucks umax 4.6 V
autochangerTrucks umin 2.0 V
autochangerTrucks utarget 2.5 V
latchXminus currentToClose -300 mA
latchXminus currentToOpen 300 mA
latchXminus timeoutForClosing 5000 milliseconds
latchXminus timeoutForOpening 5000 milliseconds
latchXplus currentToClose -300 mA
latchXplus currentToOpen 300 mA
latchXplus timeoutForClosing 5000 milliseconds
latchXplus timeoutForOpening 5000 milliseconds
onlineClampXminus currentToClamp -4992 mA
onlineClampXminus currentToOpen 720 mA
onlineClampXminus deltaCurrent 50 mA
onlineClampXminus finalCurrentToClose -1800 mA
onlineClampXminus incrementCurrentToClamp 532 mA
onlineClampXminus incrementCurrentToClose 300 mA
onlineClampXminus incrementCurrentToOpen 420 mA
onlineClampXminus initialCurrentToClose -300 mA
onlineClampXminus targetPositionToClose -98000 
onlineClampXminus targetPositionToOpen -10000 
onlineClampXplus currentToClamp 4992 mA
onlineClampXplus currentToOpen -720 mA
onlineClampXplus deltaCurrent 50 mA
onlineClampXplus finalCurrentToClose 1800 mA
onlineClampXplus incrementCurrentToClamp 532 mA
onlineClampXplus incrementCurrentToClose 300 mA
onlineClampXplus incrementCurrentToOpen 420 mA
onlineClampXplus initialCurrentToClose 300 mA
onlineClampXplus targetPositionToClose 98000 
onlineClampXplus targetPositionToOpen 10000 
onlineClampYminus currentToClamp -5000 mA
onlineClampYminus currentToOpen 800 mA
onlineClampYminus deltaCurrent 50 mA
onlineClampYminus finalCurrentToClose -950 mA
onlineClampYminus incrementCurrentToClamp 810 mA
onlineClampYminus incrementCurrentToClose 200 mA
onlineClampYminus incrementCurrentToOpen 310 mA
onlineClampYminus initialCurrentToClose -350 mA
onlineClampYminus targetPositionToClose -47500 
onlineClampYminus targetPositionToOpen -4000 
onlineClamps maxClosedStrain 1572 
onlineClamps maxLockedStrain 1484 
onlineClamps maxTimeToCloseClampsX 2000 milliseconds
onlineClamps maxTimeToLockAllClamps 3000 milliseconds
onlineClamps maxTimeToOpenClampsX 2800 milliseconds
onlineClamps maxTimeToUnlockAllClamps 3000 milliseconds
onlineClamps minLockedStrain 500 
onlineClamps minPeriod 200 milliseconds
onlineClamps strainGain 2.978 
onlineClamps timeoutForLockingClamps 15000 milliseconds
onlineClamps timeoutForUnlockingClamps 15000 milliseconds

Category : Devices
seneca1 disabled false 
seneca2 disabled false 

Category : nodeID
acSensorsGateway nodeID 58 index (final)
brakeSystemGateway nodeID 43 index (final)
latchXminusController nodeID 15 index (final)
latchXplusController nodeID 14 index (final)
linearRailMasterController nodeID 42 index (final)
linearRailSlaveController nodeID 44 index (final)
onlineClampXminusController nodeID 49 index (final)
onlineClampXplusController nodeID 48 index (final)
onlineClampYminusController nodeID 50 index (final)
onlineStrainGauge nodeID 33 index (final)
proximitySensorsDevice nodeID 34 index (final)
tempSensorsDevice1 nodeID 74 index (final)
tempSensorsDevice2 nodeID 75 index (final)

Category : readRate
autochangerTrucks readSensorsRate 125 
latchXminus readSensorsRate 250 
latchXplus readSensorsRate 250 
latches readSensorsRate 250 
onlineClampXminus readSensorsRate 250 
onlineClampXplus readSensorsRate 250 
onlineClampYminus readSensorsRate 250 
onlineClamps readSensorsRate 250 


