Configuring groofy for Autochanger standalone
Building Main class: class org.lsst.ccs.subsystems.fcs.AutochangerMain
**** Loading the library 
**** Done Loading the library 

filterManager
filterManager/filterU
filterManager/filterG
filterManager/filterR
filterManager/filterI
filterManager/filterZ
filterManager/filterY
filterManager/dummyFilter
tcpProxy
tcpProxy/canInterface
tcpProxy/acSensorsGateway
tcpProxy/onlineStrainGauge
tcpProxy/linearRailMasterController
tcpProxy/linearRailSlaveController
tcpProxy/latchXminusController
tcpProxy/latchXplusController
tcpProxy/onlineClampXminusController
tcpProxy/onlineClampXplusController
tcpProxy/onlineClampYminusController
tcpProxy/brakeSystemGateway
tcpProxy/tempSensorsDevice1
tcpProxy/tempSensorsDevice2
tcpProxy/proximitySensorsDevice
filterIdentificator
filterIdentificator/filterIDSensor0
filterIdentificator/filterIDSensor1
filterIdentificator/filterIDSensor2
filterIdentificator/filterIDSensor3
filterIdentificator/filterIDSensor4
filterIdentificator/filterIDSensor5
carousel
seneca1
seneca2
tempLinearRailMotorXplus
tempLinearRailMotorXminus
tempClampMotorXplus
tempClampMotorYminus
tempClampMotorXminus
tempFrontBox
tempRearBox
tempCellXminus
carouselHoldingFilterSensors
carouselHoldingFilterSensors/carouselHoldingFilterSensor0
carouselHoldingFilterSensors/carouselHoldingFilterSensor1
loaderHoldingFilterSensors
loaderHoldingFilterSensors/loaderHoldingFilterSensor0
loaderHoldingFilterSensors/loaderHoldingFilterSensor1
loaderConnectedSensors
loaderConnectedSensors/loaderConnectedSensor
loaderConnectedSensors/loaderConnectedSensorC
carouselStoppedAtStandbySensors
carouselStoppedAtStandbySensors/carouselStoppedAtStandby
carouselStoppedAtStandbySensors/carouselStoppedAtStandbyC
carousel_CF0Sensors
carousel_CF0Sensors/carousel_CF0
carousel_CF0Sensors/carousel_CF0_C
carousel_CF1Sensors
carousel_CF1Sensors/carousel_CF1
carousel_CF1Sensors/carousel_CF1_C
lpmLinearRail1Status
lpmLinearRail2Status
lpmOnlineClampsStatus
lpmLatchesStatus
loaderPresenceSensors
loaderPresenceSensors/presenceLoader
loaderPresenceSensors/presenceLoader_C
lockOutSensors
lockOutSensors/lockOut
lockOutSensors/lockOut_C
OUT_AF0_Sensors
OUT_AF0_Sensors/OUT_AF0
OUT_AF0_Sensors/OUT_AF0_C
OUT_AF1_Sensors
OUT_AF1_Sensors/OUT_AF1
OUT_AF1_Sensors/OUT_AF1_C
OUT_AF3_Sensors
OUT_AF3_Sensors/OUT_AF3
OUT_AF3_Sensors/OUT_AF3_C
OUT_AP1_Sensors
OUT_AP1_Sensors/OUT_AP1
OUT_AP1_Sensors/OUT_AP1_C
OUT_AP2_Sensors
OUT_AP2_Sensors/OUT_AP2
OUT_AP2_Sensors/OUT_AP2_C
OUT_AP3_Sensors
OUT_AP3_Sensors/OUT_AP3
OUT_AP3_Sensors/OUT_AP3_C
autochanger
autochanger/autochangerTrucks
autochanger/autochangerTrucks/acTruckXminus
autochanger/autochangerTrucks/acTruckXminus/handoffPositionSensorsXminus
autochanger/autochangerTrucks/acTruckXminus/handoffPositionSensorsXminus/handoffPositionSensorXminus
autochanger/autochangerTrucks/acTruckXminus/handoffPositionSensorsXminus/handoffPositionSensorBXminus
autochanger/autochangerTrucks/acTruckXminus/onlinePositionSensorsXminus
autochanger/autochangerTrucks/acTruckXminus/onlinePositionSensorsXminus/onlinePositionSensorXminus
autochanger/autochangerTrucks/acTruckXminus/onlinePositionSensorsXminus/onlinePositionSensorBXminus
autochanger/autochangerTrucks/acTruckXminus/standbyPositionSensorsXminus
autochanger/autochangerTrucks/acTruckXminus/standbyPositionSensorsXminus/standbyPositionSensorXminus
autochanger/autochangerTrucks/acTruckXminus/standbyPositionSensorsXminus/standbyPositionSensorBXminus
autochanger/autochangerTrucks/acTruckXplus
autochanger/autochangerTrucks/acTruckXplus/handoffPositionSensorsXplus
autochanger/autochangerTrucks/acTruckXplus/handoffPositionSensorsXplus/handoffPositionSensorXplus
autochanger/autochangerTrucks/acTruckXplus/handoffPositionSensorsXplus/handoffPositionSensorBXplus
autochanger/autochangerTrucks/acTruckXplus/onlinePositionSensorsXplus
autochanger/autochangerTrucks/acTruckXplus/onlinePositionSensorsXplus/onlinePositionSensorXplus
autochanger/autochangerTrucks/acTruckXplus/onlinePositionSensorsXplus/onlinePositionSensorBXplus
autochanger/autochangerTrucks/acTruckXplus/standbyPositionSensorsXplus
autochanger/autochangerTrucks/acTruckXplus/standbyPositionSensorsXplus/standbyPositionSensorXplus
autochanger/autochangerTrucks/acTruckXplus/standbyPositionSensorsXplus/standbyPositionSensorBXplus
autochanger/latches
autochanger/latches/latchXminus
autochanger/latches/latchXminus/closeSensorsLatchXminus
autochanger/latches/latchXminus/closeSensorsLatchXminus/closeSensorLatchXminus
autochanger/latches/latchXminus/closeSensorsLatchXminus/closeSensorBLatchXminus
autochanger/latches/latchXminus/openSensorsLatchXminus
autochanger/latches/latchXminus/openSensorsLatchXminus/openSensorLatchXminus
autochanger/latches/latchXminus/openSensorsLatchXminus/openSensorBLatchXminus
autochanger/latches/latchXminus/filterEngagedSensorsLatchXminus
autochanger/latches/latchXminus/filterEngagedSensorsLatchXminus/filterEngagedSensorLatchXminus
autochanger/latches/latchXminus/filterEngagedSensorsLatchXminus/filterEngagedSensorBLatchXminus
autochanger/latches/latchXplus
autochanger/latches/latchXplus/closeSensorsLatchXplus
autochanger/latches/latchXplus/closeSensorsLatchXplus/closeSensorLatchXplus
autochanger/latches/latchXplus/closeSensorsLatchXplus/closeSensorBLatchXplus
autochanger/latches/latchXplus/openSensorsLatchXplus
autochanger/latches/latchXplus/openSensorsLatchXplus/openSensorLatchXplus
autochanger/latches/latchXplus/openSensorsLatchXplus/openSensorBLatchXplus
autochanger/latches/latchXplus/filterEngagedSensorsLatchXplus
autochanger/latches/latchXplus/filterEngagedSensorsLatchXplus/filterEngagedSensorLatchXplus
autochanger/latches/latchXplus/filterEngagedSensorsLatchXplus/filterEngagedSensorBLatchXplus
autochanger/onlineClamps
autochanger/onlineClamps/onlineClampXminus
autochanger/onlineClamps/onlineClampXminus/onlineClampXminusCloseSensors
autochanger/onlineClamps/onlineClampXminus/onlineClampXminusCloseSensors/onlineClampXminusCloseSensor
autochanger/onlineClamps/onlineClampXminus/onlineClampXminusCloseSensors/onlineClampXminusCloseSensorC
autochanger/onlineClamps/onlineClampXminus/onlineClampXminusOpenSensors
autochanger/onlineClamps/onlineClampXminus/onlineClampXminusOpenSensors/onlineClampXminusOpenSensor
autochanger/onlineClamps/onlineClampXminus/onlineClampXminusOpenSensors/onlineClampXminusOpenSensorC
autochanger/onlineClamps/onlineClampXplus
autochanger/onlineClamps/onlineClampXplus/onlineClampXplusCloseSensors
autochanger/onlineClamps/onlineClampXplus/onlineClampXplusCloseSensors/onlineClampXplusCloseSensor
autochanger/onlineClamps/onlineClampXplus/onlineClampXplusCloseSensors/onlineClampXplusCloseSensorC
autochanger/onlineClamps/onlineClampXplus/onlineClampXplusOpenSensors
autochanger/onlineClamps/onlineClampXplus/onlineClampXplusOpenSensors/onlineClampXplusOpenSensor
autochanger/onlineClamps/onlineClampXplus/onlineClampXplusOpenSensors/onlineClampXplusOpenSensorC
autochanger/onlineClamps/onlineClampYminus
autochanger/onlineClamps/onlineClampYminus/onlineClampYminusCloseSensors
autochanger/onlineClamps/onlineClampYminus/onlineClampYminusCloseSensors/onlineClampYminusCloseSensor
autochanger/onlineClamps/onlineClampYminus/onlineClampYminusCloseSensors/onlineClampYminusCloseSensorC
autochanger/onlineClamps/onlineClampYminus/onlineClampYminusOpenSensors
autochanger/onlineClamps/onlineClampYminus/onlineClampYminusOpenSensors/onlineClampYminusOpenSensor
autochanger/onlineClamps/onlineClampYminus/onlineClampYminusOpenSensors/onlineClampYminusOpenSensorC
autochanger/inclinometerXminus
autochanger/inclinometerXplus
loader
periodicTasks
periodicTasks/schedulers/default
periodicTasks/heartbeat
periodicTasks/main-updateGui
periodicTasks/agentMonitorService
periodicTasks/runtimeInfo
periodicTasks/schedulers/monitor-update-publish-scheduler
periodicTasks/monitor-update
periodicTasks/monitor-publish
periodicTasks/monitor-check
commandDictionaryService
lockService
loginService
propertiesService
agentMonitorService
agentStatusAggregatorService
configurationService
configurationService/configurationDAO
dataProviderDictionaryService
runtimeService
alertService
stateService
normalModeService
monitorService
monitorService/defaultAlarmHandler
signalHandlerService
agentVersionsService
agentExecutionService
persistencyService

