Configuring groofy for Carousel standalone
Building Main class: class org.lsst.ccs.subsystems.fcs.CarouselMain

filterManager
filterManager/filterU
filterManager/filterG
filterManager/filterR
filterManager/filterI
filterManager/filterZ
filterManager/filterY
filterManager/filterID_46
filterManager/filterID_40
filterManager/filterID_30
filterManager/filterID_27
filterManager/filterID_5
filterManager/filterID_54
tcpProxy
tcpProxy/canInterface
tcpProxy/hyttc580
tcpProxy/clampXminusController
tcpProxy/clampXplusController
tcpProxy/carouselController
tcpProxy/ai814
tcpProxy/pt100
tcpProxy/fakePlutoGateway
carousel
carousel/socket1
carousel/socket1/slaveModuleSensor1
carousel/socket1/clampXminus1
carousel/socket1/clampXminus1/filterPresenceXminus1
carousel/socket1/clampXminus1/lockSensorXminus1
carousel/socket1/clampXplus1
carousel/socket1/clampXplus1/filterPresenceXplus1
carousel/socket1/clampXplus1/lockSensorXplus1
carousel/socket2
carousel/socket2/slaveModuleSensor2
carousel/socket2/clampXminus2
carousel/socket2/clampXminus2/filterPresenceXminus2
carousel/socket2/clampXminus2/lockSensorXminus2
carousel/socket2/clampXplus2
carousel/socket2/clampXplus2/filterPresenceXplus2
carousel/socket2/clampXplus2/lockSensorXplus2
carousel/socket3
carousel/socket3/slaveModuleSensor3
carousel/socket3/clampXminus3
carousel/socket3/clampXminus3/filterPresenceXminus3
carousel/socket3/clampXminus3/lockSensorXminus3
carousel/socket3/clampXplus3
carousel/socket3/clampXplus3/filterPresenceXplus3
carousel/socket3/clampXplus3/lockSensorXplus3
carousel/socket4
carousel/socket4/slaveModuleSensor4
carousel/socket4/clampXminus4
carousel/socket4/clampXminus4/filterPresenceXminus4
carousel/socket4/clampXminus4/lockSensorXminus4
carousel/socket4/clampXplus4
carousel/socket4/clampXplus4/filterPresenceXplus4
carousel/socket4/clampXplus4/lockSensorXplus4
carousel/socket5
carousel/socket5/slaveModuleSensor5
carousel/socket5/clampXminus5
carousel/socket5/clampXminus5/filterPresenceXminus5
carousel/socket5/clampXminus5/lockSensorXminus5
carousel/socket5/clampXplus5
carousel/socket5/clampXplus5/filterPresenceXplus5
carousel/socket5/clampXplus5/lockSensorXplus5
carousel/acAF3
carousel/acAF3/acAF3s
carousel/acAF3/acAF3b
autochanger
periodicTasks
periodicTasks/schedulers/default
periodicTasks/heartbeat
periodicTasks/main-updateGui
periodicTasks/agentMonitorService
periodicTasks/runtimeInfo
commandDictionaryService
lockService
loginService
propertiesService
agentMonitorService
agentStatusAggregatorService
configurationService
configurationService/configurationDAO
dataProviderDictionaryService
runtimeService
alertService
stateService
normalModeService
monitorService
signalHandlerService
agentVersionsService
agentExecutionService
persistencyService

