Configuring groovy for full FCS
Building Main class: class org.lsst.ccs.subsystems.fcs.FcsMain

filterManager
filterManager/filterU
filterManager/filterG
filterManager/filterR
filterManager/filterI
filterManager/filterZ
filterManager/filterY
filterManager/filterID_46
filterManager/filterID_40
filterManager/filterID_30
filterManager/filterID_27
filterManager/filterID_5
filterManager/filterID_54
tcpProxy
tcpProxy/canInterface
tcpProxy/hyttc580
tcpProxy/clampXminusController
tcpProxy/clampXplusController
tcpProxy/carouselController
tcpProxy/ai814
tcpProxy/pt100
tcpProxy/acSensorsGateway
tcpProxy/onlineStrainGauge
tcpProxy/acTruckXplusController
tcpProxy/acTruckXminusController
tcpProxy/latchXminusController
tcpProxy/latchXplusController
tcpProxy/onlineClampXminusController
tcpProxy/onlineClampXplusController
tcpProxy/onlineClampYminusController
tcpProxy/brakeSystemGateway
tcpProxy/tempSensorsDevice1
tcpProxy/tempSensorsDevice2
tcpProxy/proximitySensorsDevice
loaderTcpProxy
loaderTcpProxy/loaderCanInterface
loaderTcpProxy/loaderPlutoGateway
loaderTcpProxy/hooksController
loaderTcpProxy/carrierController
filterIdentificator
filterIdentificator/filterIDSensor0
filterIdentificator/filterIDSensor1
filterIdentificator/filterIDSensor2
filterIdentificator/filterIDSensor3
filterIdentificator/filterIDSensor4
filterIdentificator/filterIDSensor5
carousel
carousel/socket1
carousel/socket1/slaveModuleSensor1
carousel/socket1/clampXminus1
carousel/socket1/clampXminus1/filterPresenceXminus1
carousel/socket1/clampXminus1/lockSensorXminus1
carousel/socket1/clampXplus1
carousel/socket1/clampXplus1/filterPresenceXplus1
carousel/socket1/clampXplus1/lockSensorXplus1
carousel/socket2
carousel/socket2/slaveModuleSensor2
carousel/socket2/clampXminus2
carousel/socket2/clampXminus2/filterPresenceXminus2
carousel/socket2/clampXminus2/lockSensorXminus2
carousel/socket2/clampXplus2
carousel/socket2/clampXplus2/filterPresenceXplus2
carousel/socket2/clampXplus2/lockSensorXplus2
carousel/socket3
carousel/socket3/slaveModuleSensor3
carousel/socket3/clampXminus3
carousel/socket3/clampXminus3/filterPresenceXminus3
carousel/socket3/clampXminus3/lockSensorXminus3
carousel/socket3/clampXplus3
carousel/socket3/clampXplus3/filterPresenceXplus3
carousel/socket3/clampXplus3/lockSensorXplus3
carousel/socket4
carousel/socket4/slaveModuleSensor4
carousel/socket4/clampXminus4
carousel/socket4/clampXminus4/filterPresenceXminus4
carousel/socket4/clampXminus4/lockSensorXminus4
carousel/socket4/clampXplus4
carousel/socket4/clampXplus4/filterPresenceXplus4
carousel/socket4/clampXplus4/lockSensorXplus4
carousel/socket5
carousel/socket5/slaveModuleSensor5
carousel/socket5/clampXminus5
carousel/socket5/clampXminus5/filterPresenceXminus5
carousel/socket5/clampXminus5/lockSensorXminus5
carousel/socket5/clampXplus5
carousel/socket5/clampXplus5/filterPresenceXplus5
carousel/socket5/clampXplus5/lockSensorXplus5
seneca1
seneca2
tempLinearRailMotorXplus
tempLinearRailMotorXminus
tempClampMotorXplus
tempClampMotorYminus
tempClampMotorXminus
tempFrontBox
tempRearBox
tempCellXminus
carouselHoldingFilterSensors
carouselHoldingFilterSensors/carouselHoldingFilterSensor0
carouselHoldingFilterSensors/carouselHoldingFilterSensor1
loaderHoldingFilterSensors
loaderHoldingFilterSensors/loaderHoldingFilterSensor0
loaderHoldingFilterSensors/loaderHoldingFilterSensor1
loaderConnectedSensors
loaderConnectedSensors/loaderConnectedSensor
loaderConnectedSensors/loaderConnectedSensorC
carouselStoppedAtStandbySensors
carouselStoppedAtStandbySensors/carouselStoppedAtStandby
carouselStoppedAtStandbySensors/carouselStoppedAtStandbyC
carousel_CF0Sensors
carousel_CF0Sensors/carousel_CF0
carousel_CF0Sensors/carousel_CF0_C
carousel_CF1Sensors
carousel_CF1Sensors/carousel_CF1
carousel_CF1Sensors/carousel_CF1_C
lpmLinearRail1Status
lpmLinearRail2Status
lpmOnlineClampsStatus
lpmLatchesStatus
loaderPresenceSensors
loaderPresenceSensors/presenceLoader
loaderPresenceSensors/presenceLoader_C
lockOutSensors
lockOutSensors/lockOut
lockOutSensors/lockOut_C
OUT_AF0_Sensors
OUT_AF0_Sensors/OUT_AF0
OUT_AF0_Sensors/OUT_AF0_C
OUT_AF1_Sensors
OUT_AF1_Sensors/OUT_AF1
OUT_AF1_Sensors/OUT_AF1_C
OUT_AF3_Sensors
OUT_AF3_Sensors/OUT_AF3
OUT_AF3_Sensors/OUT_AF3_C
OUT_AP1_Sensors
OUT_AP1_Sensors/OUT_AP1
OUT_AP1_Sensors/OUT_AP1_C
OUT_AP2_Sensors
OUT_AP2_Sensors/OUT_AP2
OUT_AP2_Sensors/OUT_AP2_C
OUT_AP3_Sensors
OUT_AP3_Sensors/OUT_AP3
OUT_AP3_Sensors/OUT_AP3_C
autochanger
autochanger/autochangerTrucks
autochanger/autochangerTrucks/acTruckXminus
autochanger/autochangerTrucks/acTruckXminus/handoffPositionSensorsXminus
autochanger/autochangerTrucks/acTruckXminus/handoffPositionSensorsXminus/handoffPositionSensorXminus
autochanger/autochangerTrucks/acTruckXminus/handoffPositionSensorsXminus/handoffPositionSensorBXminus
autochanger/autochangerTrucks/acTruckXminus/onlinePositionSensorsXminus
autochanger/autochangerTrucks/acTruckXminus/onlinePositionSensorsXminus/onlinePositionSensorXminus
autochanger/autochangerTrucks/acTruckXminus/onlinePositionSensorsXminus/onlinePositionSensorBXminus
autochanger/autochangerTrucks/acTruckXminus/standbyPositionSensorsXminus
autochanger/autochangerTrucks/acTruckXminus/standbyPositionSensorsXminus/standbyPositionSensorXminus
autochanger/autochangerTrucks/acTruckXminus/standbyPositionSensorsXminus/standbyPositionSensorBXminus
autochanger/autochangerTrucks/acTruckXplus
autochanger/autochangerTrucks/acTruckXplus/handoffPositionSensorsXplus
autochanger/autochangerTrucks/acTruckXplus/handoffPositionSensorsXplus/handoffPositionSensorXplus
autochanger/autochangerTrucks/acTruckXplus/handoffPositionSensorsXplus/handoffPositionSensorBXplus
autochanger/autochangerTrucks/acTruckXplus/onlinePositionSensorsXplus
autochanger/autochangerTrucks/acTruckXplus/onlinePositionSensorsXplus/onlinePositionSensorXplus
autochanger/autochangerTrucks/acTruckXplus/onlinePositionSensorsXplus/onlinePositionSensorBXplus
autochanger/autochangerTrucks/acTruckXplus/standbyPositionSensorsXplus
autochanger/autochangerTrucks/acTruckXplus/standbyPositionSensorsXplus/standbyPositionSensorXplus
autochanger/autochangerTrucks/acTruckXplus/standbyPositionSensorsXplus/standbyPositionSensorBXplus
autochanger/latches
autochanger/latches/latchXminus
autochanger/latches/latchXminus/closeSensorsLatchXminus
autochanger/latches/latchXminus/closeSensorsLatchXminus/closeSensorLatchXminus
autochanger/latches/latchXminus/closeSensorsLatchXminus/closeSensorBLatchXminus
autochanger/latches/latchXminus/openSensorsLatchXminus
autochanger/latches/latchXminus/openSensorsLatchXminus/openSensorLatchXminus
autochanger/latches/latchXminus/openSensorsLatchXminus/openSensorBLatchXminus
autochanger/latches/latchXminus/filterEngagedSensorsLatchXminus
autochanger/latches/latchXminus/filterEngagedSensorsLatchXminus/filterEngagedSensorLatchXminus
autochanger/latches/latchXminus/filterEngagedSensorsLatchXminus/filterEngagedSensorBLatchXminus
autochanger/latches/latchXplus
autochanger/latches/latchXplus/closeSensorsLatchXplus
autochanger/latches/latchXplus/closeSensorsLatchXplus/closeSensorLatchXplus
autochanger/latches/latchXplus/closeSensorsLatchXplus/closeSensorBLatchXplus
autochanger/latches/latchXplus/openSensorsLatchXplus
autochanger/latches/latchXplus/openSensorsLatchXplus/openSensorLatchXplus
autochanger/latches/latchXplus/openSensorsLatchXplus/openSensorBLatchXplus
autochanger/latches/latchXplus/filterEngagedSensorsLatchXplus
autochanger/latches/latchXplus/filterEngagedSensorsLatchXplus/filterEngagedSensorLatchXplus
autochanger/latches/latchXplus/filterEngagedSensorsLatchXplus/filterEngagedSensorBLatchXplus
autochanger/onlineClamps
autochanger/onlineClamps/onlineClampXminus
autochanger/onlineClamps/onlineClampXminus/onlineClampXminusCloseSensors
autochanger/onlineClamps/onlineClampXminus/onlineClampXminusCloseSensors/onlineClampXminusCloseSensor
autochanger/onlineClamps/onlineClampXminus/onlineClampXminusCloseSensors/onlineClampXminusCloseSensorC
autochanger/onlineClamps/onlineClampXminus/onlineClampXminusOpenSensors
autochanger/onlineClamps/onlineClampXminus/onlineClampXminusOpenSensors/onlineClampXminusOpenSensor
autochanger/onlineClamps/onlineClampXminus/onlineClampXminusOpenSensors/onlineClampXminusOpenSensorC
autochanger/onlineClamps/onlineClampXplus
autochanger/onlineClamps/onlineClampXplus/onlineClampXplusCloseSensors
autochanger/onlineClamps/onlineClampXplus/onlineClampXplusCloseSensors/onlineClampXplusCloseSensor
autochanger/onlineClamps/onlineClampXplus/onlineClampXplusCloseSensors/onlineClampXplusCloseSensorC
autochanger/onlineClamps/onlineClampXplus/onlineClampXplusOpenSensors
autochanger/onlineClamps/onlineClampXplus/onlineClampXplusOpenSensors/onlineClampXplusOpenSensor
autochanger/onlineClamps/onlineClampXplus/onlineClampXplusOpenSensors/onlineClampXplusOpenSensorC
autochanger/onlineClamps/onlineClampYminus
autochanger/onlineClamps/onlineClampYminus/onlineClampYminusCloseSensors
autochanger/onlineClamps/onlineClampYminus/onlineClampYminusCloseSensors/onlineClampYminusCloseSensor
autochanger/onlineClamps/onlineClampYminus/onlineClampYminusCloseSensors/onlineClampYminusCloseSensorC
autochanger/onlineClamps/onlineClampYminus/onlineClampYminusOpenSensors
autochanger/onlineClamps/onlineClampYminus/onlineClampYminusOpenSensors/onlineClampYminusOpenSensor
autochanger/onlineClamps/onlineClampYminus/onlineClampYminusOpenSensors/onlineClampYminusOpenSensorC
autochanger/inclinometerXminus
autochanger/inclinometerXplus
loader
loader/carrier
loader/carrier/loaderEngagedSensors
loader/carrier/loaderEngagedSensors/loaderEngagedPositionSensor0
loader/carrier/loaderEngagedSensors/loaderEngagedPositionSensor1
loader/carrier/loaderHandoffSensors
loader/carrier/loaderHandoffSensors/loaderHandoffPositionSensor0
loader/carrier/loaderHandoffSensors/loaderHandoffPositionSensor1
loader/carrier/loaderStorageSensors
loader/carrier/loaderStorageSensors/loaderStoragePositionSensor0
loader/carrier/loaderStorageSensors/loaderStoragePositionSensor1
loader/clamp
loader/clamp/hook1
loader/clamp/hook1/loaderCloseSensor1
loader/clamp/hook1/loaderOpenSensor1
loader/clamp/hook2
loader/clamp/hook2/loaderCloseSensor2
loader/clamp/hook2/loaderOpenSensor2
loader/clamp/hook3
loader/clamp/hook3/loaderCloseSensor3
loader/clamp/hook3/loaderOpenSensor3
loader/clamp/hook4
loader/clamp/hook4/loaderCloseSensor4
loader/clamp/hook4/loaderOpenSensor4
loader/clamp/forceSensor0
loader/clamp/forceSensor1
loader/clamp/unclampedStatusSensor
loader/clamp/underClampedStatusSensor
loader/clamp/clampedStatusSensor
loader/clamp/overClampedStatusSensor
loader/loaderFilterPresenceSensors
loader/loaderFilterPresenceSensors/loaderFilterPresenceSensor0
loader/loaderFilterPresenceSensors/loaderFilterPresenceSensor1
loader/loaderOnCameraSensors
loader/loaderOnCameraSensors/loaderOnCameraSensor0
loader/loaderOnCameraSensors/loaderOnCameraSensor1
loader/keyLockSensors
loader/keyLockSensors/keyLock
loader/keyLockSensors/keyLockb
loader/keyEngSensors
loader/keyEngSensors/keyEng
loader/keyEngSensors/keyEngb
loader/Loader_LRH
loader/Loader_LRH/LRH_0
loader/Loader_LRH/LRH_1
loader/Loader_LPS
loader/Loader_LPS/LPS_0
loader/Loader_LPS/LPS_1
loader/loaderCarrierRelayStatus
loader/loaderHooksRelayStatus
loader/loaderChainPresenceSensor
loader/loaderDefaultStatus
loader/loaderFilterGoodPositionStatus
loader/acAP2
loader/acAP2/acAP2s
loader/acAP2/acAP2b
loader/acAF0
loader/acAF0/acAF0s
loader/acAF0/acAF0b
loader/acAF1
loader/acAF1/acAF1s
loader/acAF1/acAF1b
loader/acAF3
loader/acAF3/acAF3s
loader/acAF3/acAF3b
periodicTasks
periodicTasks/schedulers/default
periodicTasks/heartbeat
periodicTasks/main-updateGui
periodicTasks/agentMonitorService
periodicTasks/runtimeInfo
periodicTasks/schedulers/monitor-update-publish-scheduler
periodicTasks/monitor-update
periodicTasks/monitor-publish
periodicTasks/monitor-check
commandDictionaryService
lockService
loginService
propertiesService
agentMonitorService
agentStatusAggregatorService
configurationService
configurationService/configurationDAO
dataProviderDictionaryService
runtimeService
alertService
stateService
normalModeService
monitorService
monitorService/defaultAlarmHandler
signalHandlerService
agentVersionsService
agentExecutionService
persistencyService

