**** Loading the library 
**** Done Loading the library 

loaderTcpProxy
loaderTcpProxy/loaderCanInterface
loaderTcpProxy/loaderPlutoGateway
loaderTcpProxy/hooksController
loaderTcpProxy/carrierController
loader
loader/carrier
loader/carrier/loaderEngagedSensors
loader/carrier/loaderEngagedSensors/loaderEngagedPositionSensor0
loader/carrier/loaderEngagedSensors/loaderEngagedPositionSensor1
loader/carrier/loaderHandoffSensors
loader/carrier/loaderHandoffSensors/loaderHandoffPositionSensor0
loader/carrier/loaderHandoffSensors/loaderHandoffPositionSensor1
loader/carrier/loaderStorageSensors
loader/carrier/loaderStorageSensors/loaderStoragePositionSensor0
loader/carrier/loaderStorageSensors/loaderStoragePositionSensor1
loader/clamp
loader/clamp/hook1
loader/clamp/hook1/loaderCloseSensor1
loader/clamp/hook1/loaderOpenSensor1
loader/clamp/hook2
loader/clamp/hook2/loaderCloseSensor2
loader/clamp/hook2/loaderOpenSensor2
loader/clamp/hook3
loader/clamp/hook3/loaderCloseSensor3
loader/clamp/hook3/loaderOpenSensor3
loader/clamp/hook4
loader/clamp/hook4/loaderCloseSensor4
loader/clamp/hook4/loaderOpenSensor4
loader/clamp/forceSensor0
loader/clamp/forceSensor1
loader/clamp/unclampedStatusSensor
loader/clamp/underClampedStatusSensor
loader/clamp/clampedStatusSensor
loader/clamp/overClampedStatusSensor
loader/loaderFilterPresenceSensors
loader/loaderFilterPresenceSensors/loaderFilterPresenceSensor0
loader/loaderFilterPresenceSensors/loaderFilterPresenceSensor1
loader/loaderOnCameraSensors
loader/loaderOnCameraSensors/loaderOnCameraSensor0
loader/loaderOnCameraSensors/loaderOnCameraSensor1
loader/keyLockSensors
loader/keyLockSensors/keyLock
loader/keyLockSensors/keyLockb
loader/keyEngSensors
loader/keyEngSensors/keyEng
loader/keyEngSensors/keyEngb
loader/Loader_LRH
loader/Loader_LRH/LRH_0
loader/Loader_LRH/LRH_1
loader/Loader_LPS
loader/Loader_LPS/LPS_0
loader/Loader_LPS/LPS_1
loader/loaderCarrierRelayStatus
loader/loaderHooksRelayStatus
loader/loaderChainPresenceSensor
loader/loaderDefaultStatus
loader/loaderFilterGoodPositionStatus
loader/acAP2
loader/acAP2/acAP2s
loader/acAP2/acAP2b
loader/acAF0
loader/acAF0/acAF0s
loader/acAF0/acAF0b
loader/acAF1
loader/acAF1/acAF1s
loader/acAF1/acAF1b
loader/acAF3
loader/acAF3/acAF3s
loader/acAF3/acAF3b
autochanger
periodicTasks
periodicTasks/schedulers/default
periodicTasks/heartbeat
periodicTasks/main-updateGui
periodicTasks/agentMonitorService
periodicTasks/runtimeInfo
commandDictionaryService
lockService
loginService
propertiesService
agentMonitorService
agentStatusAggregatorService
configurationService
configurationService/configurationDAO
dataProviderDictionaryService
runtimeService
alertService
stateService
normalModeService
monitorService
signalHandlerService
agentVersionsService
agentExecutionService
persistencyService

